1695041860.373510 client started (75013): version 3.0a, socket /tmp/tmux-1000/default, protocol 8
1695041860.373520 on Linux 5.15.0-83-generic #92~20.04.1-Ubuntu SMP Mon Aug 21 14:00:49 UTC 2023; libevent 2.1.11-stable (poll)
1695041860.373526 socket is /tmp/tmux-1000/default
1695041860.373531 trying connect
1695041860.373556 add peer 0x55688ac4c550: 6 ((nil))
1695041860.373593 sending message 100 to peer 0x55688ac4c550 (4 bytes)
1695041860.373609 sending message 101 to peer 0x55688ac4c550 (16 bytes)
1695041860.373611 sending message 102 to peer 0x55688ac4c550 (11 bytes)
1695041860.373612 sending message 108 to peer 0x55688ac4c550 (19 bytes)
1695041860.373614 sending message 104 to peer 0x55688ac4c550 (0 bytes)
1695041860.373615 sending message 107 to peer 0x55688ac4c550 (4 bytes)
1695041860.373616 sending message 105 to peer 0x55688ac4c550 (34 bytes)
1695041860.373618 sending message 105 to peer 0x55688ac4c550 (17 bytes)
1695041860.373619 sending message 105 to peer 0x55688ac4c550 (11 bytes)
1695041860.373621 sending message 105 to peer 0x55688ac4c550 (20 bytes)
1695041860.373622 sending message 105 to peer 0x55688ac4c550 (32 bytes)
1695041860.373626 sending message 105 to peer 0x55688ac4c550 (54 bytes)
1695041860.373628 sending message 105 to peer 0x55688ac4c550 (23 bytes)
1695041860.373630 sending message 105 to peer 0x55688ac4c550 (11 bytes)
1695041860.373631 sending message 105 to peer 0x55688ac4c550 (12 bytes)
1695041860.373632 sending message 105 to peer 0x55688ac4c550 (18 bytes)
1695041860.373634 sending message 105 to peer 0x55688ac4c550 (18 bytes)
1695041860.373635 sending message 105 to peer 0x55688ac4c550 (44 bytes)
1695041860.373636 sending message 105 to peer 0x55688ac4c550 (32 bytes)
1695041860.373637 sending message 105 to peer 0x55688ac4c550 (86 bytes)
1695041860.373639 sending message 105 to peer 0x55688ac4c550 (30 bytes)
1695041860.373640 sending message 105 to peer 0x55688ac4c550 (20 bytes)
1695041860.373641 sending message 105 to peer 0x55688ac4c550 (52 bytes)
1695041860.373642 sending message 105 to peer 0x55688ac4c550 (17 bytes)
1695041860.373644 sending message 105 to peer 0x55688ac4c550 (21 bytes)
1695041860.373645 sending message 105 to peer 0x55688ac4c550 (28 bytes)
1695041860.373646 sending message 105 to peer 0x55688ac4c550 (32 bytes)
1695041860.373648 sending message 105 to peer 0x55688ac4c550 (20 bytes)
1695041860.373649 sending message 105 to peer 0x55688ac4c550 (15 bytes)
1695041860.373650 sending message 105 to peer 0x55688ac4c550 (35 bytes)
1695041860.373651 sending message 105 to peer 0x55688ac4c550 (34 bytes)
1695041860.373652 sending message 105 to peer 0x55688ac4c550 (18 bytes)
1695041860.373654 sending message 105 to peer 0x55688ac4c550 (47 bytes)
1695041860.373655 sending message 105 to peer 0x55688ac4c550 (23 bytes)
1695041860.373656 sending message 105 to peer 0x55688ac4c550 (17 bytes)
1695041860.373657 sending message 105 to peer 0x55688ac4c550 (23 bytes)
1695041860.373665 sending message 105 to peer 0x55688ac4c550 (30 bytes)
1695041860.373668 sending message 105 to peer 0x55688ac4c550 (27 bytes)
1695041860.373669 sending message 105 to peer 0x55688ac4c550 (24 bytes)
1695041860.373671 sending message 105 to peer 0x55688ac4c550 (20 bytes)
1695041860.373672 sending message 105 to peer 0x55688ac4c550 (23 bytes)
1695041860.373673 sending message 105 to peer 0x55688ac4c550 (21 bytes)
1695041860.373674 sending message 105 to peer 0x55688ac4c550 (25 bytes)
1695041860.373675 sending message 105 to peer 0x55688ac4c550 (20 bytes)
1695041860.373677 sending message 105 to peer 0x55688ac4c550 (34 bytes)
1695041860.373684 sending message 105 to peer 0x55688ac4c550 (41 bytes)
1695041860.373687 sending message 105 to peer 0x55688ac4c550 (25 bytes)
1695041860.373688 sending message 105 to peer 0x55688ac4c550 (25 bytes)
1695041860.373689 sending message 105 to peer 0x55688ac4c550 (21 bytes)
1695041860.373690 sending message 105 to peer 0x55688ac4c550 (21 bytes)
1695041860.373692 sending message 105 to peer 0x55688ac4c550 (28 bytes)
1695041860.373693 sending message 105 to peer 0x55688ac4c550 (21 bytes)
1695041860.373698 sending message 105 to peer 0x55688ac4c550 (25 bytes)
1695041860.373700 sending message 105 to peer 0x55688ac4c550 (12 bytes)
1695041860.373701 sending message 105 to peer 0x55688ac4c550 (32 bytes)
1695041860.373702 sending message 105 to peer 0x55688ac4c550 (1506 bytes)
1695041860.373704 sending message 105 to peer 0x55688ac4c550 (16 bytes)
1695041860.373712 sending message 105 to peer 0x55688ac4c550 (35 bytes)
1695041860.373714 sending message 105 to peer 0x55688ac4c550 (26 bytes)
1695041860.373722 sending message 105 to peer 0x55688ac4c550 (12 bytes)
1695041860.373724 sending message 105 to peer 0x55688ac4c550 (11 bytes)
1695041860.373726 sending message 105 to peer 0x55688ac4c550 (486 bytes)
1695041860.373728 sending message 105 to peer 0x55688ac4c550 (51 bytes)
1695041860.373730 sending message 105 to peer 0x55688ac4c550 (23 bytes)
1695041860.373731 sending message 105 to peer 0x55688ac4c550 (56 bytes)
1695041860.373732 sending message 105 to peer 0x55688ac4c550 (19 bytes)
1695041860.373734 sending message 105 to peer 0x55688ac4c550 (18 bytes)
1695041860.373735 sending message 105 to peer 0x55688ac4c550 (20 bytes)
1695041860.373743 sending message 105 to peer 0x55688ac4c550 (76 bytes)
1695041860.373745 sending message 105 to peer 0x55688ac4c550 (15 bytes)
1695041860.373753 sending message 105 to peer 0x55688ac4c550 (8 bytes)
1695041860.373755 sending message 105 to peer 0x55688ac4c550 (19 bytes)
1695041860.373756 sending message 105 to peer 0x55688ac4c550 (41 bytes)
1695041860.373758 sending message 105 to peer 0x55688ac4c550 (21 bytes)
1695041860.373759 sending message 105 to peer 0x55688ac4c550 (36 bytes)
1695041860.373760 sending message 105 to peer 0x55688ac4c550 (14 bytes)
1695041860.373762 sending message 105 to peer 0x55688ac4c550 (50 bytes)
1695041860.373763 sending message 105 to peer 0x55688ac4c550 (9 bytes)
1695041860.373764 sending message 105 to peer 0x55688ac4c550 (13 bytes)
1695041860.373765 sending message 105 to peer 0x55688ac4c550 (12 bytes)
1695041860.373766 sending message 105 to peer 0x55688ac4c550 (17 bytes)
1695041860.373768 sending message 105 to peer 0x55688ac4c550 (13 bytes)
1695041860.373775 sending message 105 to peer 0x55688ac4c550 (41 bytes)
1695041860.373778 sending message 105 to peer 0x55688ac4c550 (45 bytes)
1695041860.373785 sending message 105 to peer 0x55688ac4c550 (33 bytes)
1695041860.373788 sending message 105 to peer 0x55688ac4c550 (85 bytes)
1695041860.373789 sending message 105 to peer 0x55688ac4c550 (23 bytes)
1695041860.373802 sending message 105 to peer 0x55688ac4c550 (31 bytes)
1695041860.373806 sending message 105 to peer 0x55688ac4c550 (23 bytes)
1695041860.373808 sending message 105 to peer 0x55688ac4c550 (27 bytes)
1695041860.373809 sending message 105 to peer 0x55688ac4c550 (21 bytes)
1695041860.373811 sending message 105 to peer 0x55688ac4c550 (20 bytes)
1695041860.373812 sending message 105 to peer 0x55688ac4c550 (16 bytes)
1695041860.373813 sending message 105 to peer 0x55688ac4c550 (24 bytes)
1695041860.373814 sending message 105 to peer 0x55688ac4c550 (20 bytes)
1695041860.373815 sending message 105 to peer 0x55688ac4c550 (34 bytes)
1695041860.373817 sending message 105 to peer 0x55688ac4c550 (34 bytes)
1695041860.373818 sending message 105 to peer 0x55688ac4c550 (35 bytes)
1695041860.373819 sending message 105 to peer 0x55688ac4c550 (109 bytes)
1695041860.373821 sending message 105 to peer 0x55688ac4c550 (35 bytes)
1695041860.373822 sending message 105 to peer 0x55688ac4c550 (70 bytes)
1695041860.373823 sending message 105 to peer 0x55688ac4c550 (115 bytes)
1695041860.373825 sending message 105 to peer 0x55688ac4c550 (10 bytes)
1695041860.373826 sending message 106 to peer 0x55688ac4c550 (0 bytes)
1695041860.373828 sending message 200 to peer 0x55688ac4c550 (4 bytes)
1695041860.373829 client loop enter
1695041860.374145 peer 0x55688ac4c550 message 211
1695041860.374166 client_write: sessions should be nested with care, unset $TMUX to force\n
1695041860.374180 peer 0x55688ac4c550 message 203
1695041860.374183 client loop exit
